\BOOKMARK [0][-]{chapter.1}{Introduction}{}
\BOOKMARK [1][-]{section.1.1}{How does it works?}{chapter.1}
\BOOKMARK [1][-]{section.1.2}{Features}{chapter.1}
\BOOKMARK [0][-]{chapter.2}{Installation}{}
\BOOKMARK [1][-]{section.2.1}{Requirements}{chapter.2}
\BOOKMARK [1][-]{section.2.2}{Warning}{chapter.2}
\BOOKMARK [1][-]{section.2.3}{Installation}{chapter.2}
\BOOKMARK [1][-]{section.2.4}{Post installation}{chapter.2}
\BOOKMARK [1][-]{section.2.5}{Troubleshooting}{chapter.2}
\BOOKMARK [0][-]{chapter.3}{Writing SELinux policy}{}
\BOOKMARK [1][-]{section.3.1}{Creating new policy}{chapter.3}
\BOOKMARK [2][-]{subsection.3.1.1}{Creating policy files}{section.3.1}
\BOOKMARK [2][-]{subsection.3.1.2}{Customizing .te file}{section.3.1}
\BOOKMARK [2][-]{subsection.3.1.3}{Editing .fc specification}{section.3.1}
\BOOKMARK [2][-]{subsection.3.1.4}{Policy installation}{section.3.1}
\BOOKMARK [1][-]{section.3.2}{Generating allow and downtaudit rules}{chapter.3}
\BOOKMARK [1][-]{section.3.3}{Customizing notification messages}{chapter.3}
\BOOKMARK [1][-]{section.3.4}{Creating UDDExec profile}{chapter.3}
\BOOKMARK [0][-]{chapter.4}{Architecture}{}
\BOOKMARK [1][-]{section.4.1}{UDDBus}{chapter.4}
\BOOKMARK [1][-]{section.4.2}{UDDaemon}{chapter.4}
\BOOKMARK [1][-]{section.4.3}{UDDTray}{chapter.4}
\BOOKMARK [1][-]{section.4.4}{UDDExec}{chapter.4}
\BOOKMARK [1][-]{section.4.5}{UDDPolicy}{chapter.4}
